<?xml version="1.0" encoding="UTF-8"?>
<!-- Generated by org.testng.reporters.JUnitReportReporter -->
<testsuite hostname="Roohi" failures="0" tests="1" name="TestCases_Yatra.TestCase_1" time="11.909" errors="0" timestamp="2024-05-31T15:24:08 EDT" skipped="0">
  <testcase classname="TestCases_Yatra.TestCase_1" name="Registeration" time="11.909"/>
  <system-out/>
</testsuite> <!-- TestCases_Yatra.TestCase_1 -->
