<?xml version="1.0" encoding="UTF-8"?>
<!-- Generated by org.testng.reporters.JUnitReportReporter -->
<testsuite hostname="Roohi" failures="0" tests="1" name="Iretrying_123.Retryingtestcase" time="4.135" errors="0" timestamp="2024-06-13T22:01:04 EDT" skipped="0">
  <testcase classname="Iretrying_123.Retryingtestcase" name="Retryingtest" time="4.135"/>
  <system-out/>
</testsuite> <!-- Iretrying_123.Retryingtestcase -->
