<?xml version="1.0" encoding="UTF-8"?>
<!-- Generated by org.testng.reporters.JUnitReportReporter -->
<testsuite hostname="Roohi" failures="0" tests="1" name="test_ng.Color_class" time="4.167" errors="0" timestamp="2024-06-11T23:38:08 EDT" skipped="0">
  <testcase classname="test_ng.Color_class" name="color" time="4.167"/>
  <system-out/>
</testsuite> <!-- test_ng.Color_class -->
