<?xml version="1.0" encoding="UTF-8"?>
<!-- Generated by org.testng.reporters.JUnitReportReporter -->
<testsuite hostname="Roohi" failures="0" tests="1" name="IretryingMethod_1.Iretry_2" time="3.219" errors="0" timestamp="2024-06-12T00:12:03 EDT" skipped="0">
  <testcase classname="IretryingMethod_1.Iretry_2" name="retry_same_testcase" time="3.219"/>
  <system-out/>
</testsuite> <!-- IretryingMethod_1.Iretry_2 -->
