<?xml version="1.0" encoding="UTF-8"?>
<!-- Generated by org.testng.reporters.JUnitReportReporter -->
<testsuite hostname="Roohi" failures="0" tests="5" name="test_ng.Grouping_testcases" time="0.000" errors="0" timestamp="2024-05-14T12:28:18 EDT" skipped="0">
  <testcase classname="test_ng.Grouping_testcases" name="add" time="0.000"/>
  <system-out/>
  <testcase classname="test_ng.Grouping_testcases" name="add2" time="0.000"/>
  <system-out/>
  <testcase classname="test_ng.Grouping_testcases" name="add3" time="0.000"/>
  <system-out/>
  <testcase classname="test_ng.Grouping_testcases" name="add1" time="0.000"/>
  <system-out/>
  <testcase classname="test_ng.Grouping_testcases" name="add4" time="0.000"/>
  <system-out/>
</testsuite> <!-- test_ng.Grouping_testcases -->
