<?xml version="1.0" encoding="UTF-8"?>
<!-- Generated by org.testng.reporters.JUnitReportReporter -->
<testsuite hostname="Roohi" failures="0" tests="1" name="Listerner_11.Testcase_23" time="12.812" errors="0" timestamp="2024-06-14T01:31:11 EDT" skipped="0">
  <testcase classname="Listerner_11.Testcase_23" name="amazon_home" time="12.812"/>
  <system-out>
    <![CDATA[Test case is started
Test case is success]]>
  </system-out>
</testsuite> <!-- Listerner_11.Testcase_23 -->
