<?xml version="1.0" encoding="UTF-8"?>
<!-- Generated by org.testng.reporters.JUnitReportReporter -->
<testsuite hostname="Roohi" failures="0" tests="3" name="Data_provider_revision.DataProvider_1" time="12.057" errors="0" timestamp="2024-06-12T19:30:25 EDT" skipped="0">
  <testcase classname="Data_provider_revision.DataProvider_1" name="you_tube" time="3.860"/>
  <system-out/>
  <testcase classname="Data_provider_revision.DataProvider_1" name="you_tube" time="3.657"/>
  <system-out/>
  <testcase classname="Data_provider_revision.DataProvider_1" name="you_tube" time="4.540"/>
  <system-out/>
</testsuite> <!-- Data_provider_revision.DataProvider_1 -->
