<?xml version="1.0" encoding="UTF-8"?>
<!-- Generated by org.testng.reporters.JUnitReportReporter -->
<testsuite hostname="Roohi" failures="0" tests="2" name="test_ng.CrossBrowser_testing" time="6.781" errors="0" timestamp="2024-06-10T19:39:56 EDT" skipped="0">
  <testcase classname="test_ng.CrossBrowser_testing" name="crossbrowser" time="3.907"/>
  <system-out/>
  <testcase classname="test_ng.CrossBrowser_testing" name="crossbrowser" time="2.874"/>
  <system-out/>
</testsuite> <!-- test_ng.CrossBrowser_testing -->
