<?xml version="1.0" encoding="UTF-8"?>
<!-- Generated by org.testng.reporters.JUnitReportReporter -->
<testsuite hostname="Roohi" failures="0" tests="1" name="test_ng.Backgroundcolor_1" time="2.695" errors="0" timestamp="2024-06-11T14:54:47 EDT" skipped="0">
  <testcase classname="test_ng.Backgroundcolor_1" name="backgroundcolor" time="2.695"/>
  <system-out/>
</testsuite> <!-- test_ng.Backgroundcolor_1 -->
