<?xml version="1.0" encoding="UTF-8"?>
<!-- Generated by org.testng.reporters.JUnitReportReporter -->
<testsuite hostname="Roohi" failures="0" tests="1" name="test_ng.NewProgramforexam" time="9.444" errors="0" timestamp="2024-06-11T00:23:24 EDT" skipped="0">
  <testcase classname="test_ng.NewProgramforexam" name="program" time="9.444"/>
  <system-out/>
</testsuite> <!-- test_ng.NewProgramforexam -->
