<?xml version="1.0" encoding="UTF-8"?>
<!-- Generated by org.testng.reporters.JUnitReportReporter -->
<testsuite hostname="Roohi" failures="0" tests="4" name="test_ng.DataProvider1" time="10.692" errors="0" timestamp="2024-05-16T00:51:53 EDT" skipped="0">
  <testcase classname="test_ng.DataProvider1" name="datasheet" time="2.135"/>
  <system-out/>
  <testcase classname="test_ng.DataProvider1" name="datasheet" time="2.079"/>
  <system-out/>
  <testcase classname="test_ng.DataProvider1" name="datasheet" time="3.873"/>
  <system-out/>
  <testcase classname="test_ng.DataProvider1" name="datasheet" time="2.605"/>
  <system-out/>
</testsuite> <!-- test_ng.DataProvider1 -->
