<?xml version="1.0" encoding="UTF-8"?>
<!-- Generated by org.testng.reporters.JUnitReportReporter -->
<testsuite hostname="Roohi" failures="0" tests="1" name="test_ng.Exam_program2" time="9.277" errors="0" timestamp="2024-06-12T19:36:29 EDT" skipped="0">
  <testcase classname="test_ng.Exam_program2" name="program2" time="9.277"/>
  <system-out/>
</testsuite> <!-- test_ng.Exam_program2 -->
