<?xml version="1.0" encoding="UTF-8"?>
<!-- Generated by org.testng.reporters.JUnitReportReporter -->
<testsuite hostname="Roohi" failures="0" tests="1" name="test_ng.DDT_Excelfile" time="3.123" errors="0" timestamp="2024-06-11T15:33:16 EDT" skipped="0">
  <testcase classname="test_ng.DDT_Excelfile" name="ddt" time="3.123"/>
  <system-out/>
</testsuite> <!-- test_ng.DDT_Excelfile -->
