<?xml version="1.0" encoding="UTF-8"?>
<!-- Generated by org.testng.reporters.JUnitReportReporter -->
<testsuite hostname="Roohi" failures="0" tests="2" name="test_ng.ParrellelTesting" time="8.382" errors="0" timestamp="2024-06-13T16:57:12 EDT" skipped="0">
  <testcase classname="test_ng.ParrellelTesting" name="parallel" time="5.542"/>
  <system-out/>
  <testcase classname="test_ng.ParrellelTesting" name="parallel" time="2.840"/>
  <system-out/>
</testsuite> <!-- test_ng.ParrellelTesting -->
