<?xml version="1.0" encoding="UTF-8"?>
<!-- Generated by org.testng.reporters.JUnitReportReporter -->
<testsuite hostname="Roohi" failures="0" tests="14" name="test_ng.Testcase1" time="0.082" errors="0" timestamp="2024-05-14T12:28:18 EDT" skipped="1">
  <testcase classname="test_ng.Testcase1" name="num" time="0.000"/>
  <system-out/>
  <testcase classname="test_ng.Testcase1" name="add" time="0.000"/>
  <system-out/>
  <testcase classname="test_ng.Testcase1" name="add" time="0.000"/>
  <system-out/>
  <testcase classname="test_ng.Testcase1" name="add" time="0.016"/>
  <system-out/>
  <testcase classname="test_ng.Testcase1" name="add" time="0.000"/>
  <system-out/>
  <testcase classname="test_ng.Testcase1" name="add" time="0.001"/>
  <system-out/>
  <testcase classname="test_ng.Testcase1" name="add" time="0.000"/>
  <system-out/>
  <testcase classname="test_ng.Testcase1" name="add" time="0.000"/>
  <system-out/>
  <testcase classname="test_ng.Testcase1" name="add" time="0.000"/>
  <system-out/>
  <testcase classname="test_ng.Testcase1" name="add" time="0.000"/>
  <system-out/>
  <testcase classname="test_ng.Testcase1" name="add" time="0.000"/>
  <system-out/>
  <testcase classname="test_ng.Testcase1" name="add" time="0.065"/>
  <system-out/>
  <testcase classname="test_ng.Testcase1" name="add" time="0.000"/>
  <system-out/>
  <testcase classname="test_ng.Testcase1" name="mul">
    <skipped/>
  </testcase> <!-- mul -->
  <system-out/>
</testsuite> <!-- test_ng.Testcase1 -->
