<?xml version="1.0" encoding="UTF-8"?>
<!-- Generated by org.testng.reporters.JUnitReportReporter -->
<testsuite hostname="Roohi" failures="0" tests="1" name="test_ng.Youtubeprogram" time="1.763" errors="0" timestamp="2024-06-10T22:24:55 EDT" skipped="0">
  <testcase classname="test_ng.Youtubeprogram" name="youtube_program" time="1.763"/>
  <system-out/>
</testsuite> <!-- test_ng.Youtubeprogram -->
