<?xml version="1.0" encoding="UTF-8"?>
<!-- Generated by org.testng.reporters.JUnitReportReporter -->
<testsuite hostname="Roohi" failures="0" tests="3" name="dataprovider_1_revision.Dataprovider1" time="17.207" errors="0" timestamp="2024-06-13T22:12:41 EDT" skipped="0">
  <testcase classname="dataprovider_1_revision.Dataprovider1" name="Dp" time="5.914"/>
  <system-out/>
  <testcase classname="dataprovider_1_revision.Dataprovider1" name="Dp" time="5.485"/>
  <system-out/>
  <testcase classname="dataprovider_1_revision.Dataprovider1" name="Dp" time="5.808"/>
  <system-out/>
</testsuite> <!-- dataprovider_1_revision.Dataprovider1 -->
