<?xml version="1.0" encoding="UTF-8"?>
<!-- Generated by org.testng.reporters.JUnitReportReporter -->
<testsuite hostname="Roohi" failures="0" tests="1" name="test_ng.Parentclass_Childclass_comandprogram" time="33.066" errors="0" timestamp="2024-05-14T12:28:18 EDT" skipped="0">
  <testcase classname="test_ng.Parentclass_Childclass_comandprogram" name="addproduct1" time="33.066"/>
  <system-out/>
</testsuite> <!-- test_ng.Parentclass_Childclass_comandprogram -->
