<?xml version="1.0" encoding="UTF-8"?>
<!-- Generated by org.testng.reporters.JUnitReportReporter -->
<testsuite hostname="Roohi" failures="0" tests="1" name="test_ng.Robot_class" time="12.647" errors="0" timestamp="2024-06-11T23:24:15 EDT" skipped="0">
  <testcase classname="test_ng.Robot_class" name="click_on_link" time="12.647"/>
  <system-out/>
</testsuite> <!-- test_ng.Robot_class -->
