<?xml version="1.0" encoding="UTF-8"?>
<!-- Generated by org.testng.reporters.JUnitReportReporter -->
<testsuite hostname="Roohi" failures="0" tests="1" name="selenium_program.Scrolldown_program" time="4.666" errors="0" timestamp="2024-05-19T15:41:43 EDT" skipped="0">
  <testcase classname="selenium_program.Scrolldown_program" name="Scrolldrown" time="4.666"/>
  <system-out/>
</testsuite> <!-- selenium_program.Scrolldown_program -->
