<?xml version="1.0" encoding="UTF-8"?>
<!-- Generated by org.testng.reporters.JUnitReportReporter -->
<testsuite hostname="Roohi" failures="0" tests="9" name="test_ng.Testparameters" time="0.020" errors="0" timestamp="2024-05-14T12:28:18 EDT" skipped="0">
  <testcase classname="test_ng.Testparameters" name="add9" time="0.002"/>
  <system-out/>
  <testcase classname="test_ng.Testparameters" name="add9" time="0.000"/>
  <system-out/>
  <testcase classname="test_ng.Testparameters" name="add5" time="0.010"/>
  <system-out/>
  <testcase classname="test_ng.Testparameters" name="add9" time="0.001"/>
  <system-out/>
  <testcase classname="test_ng.Testparameters" name="add7" time="0.001"/>
  <system-out/>
  <testcase classname="test_ng.Testparameters" name="add" time="0.001"/>
  <system-out/>
  <testcase classname="test_ng.Testparameters" name="add1" time="0.002"/>
  <system-out/>
  <testcase classname="test_ng.Testparameters" name="add6" time="0.001"/>
  <system-out/>
  <testcase classname="test_ng.Testparameters" name="add3" time="0.002"/>
  <system-out/>
</testsuite> <!-- test_ng.Testparameters -->
