<?xml version="1.0" encoding="UTF-8"?>
<!-- Generated by org.testng.reporters.JUnitReportReporter -->
<testsuite hostname="Roohi" failures="0" tests="3" name="test_ng.TestCase2" time="0.025" errors="0" timestamp="2024-05-14T12:28:18 EDT" skipped="0">
  <testcase classname="test_ng.TestCase2" name="method6" time="0.023"/>
  <system-out/>
  <testcase classname="test_ng.TestCase2" name="method1" time="0.002"/>
  <system-out/>
  <testcase classname="test_ng.TestCase2" name="method5" time="0.000"/>
  <system-out/>
</testsuite> <!-- test_ng.TestCase2 -->
