<?xml version="1.0" encoding="UTF-8"?>
<!-- Generated by org.testng.reporters.JUnitReportReporter -->
<testsuite hostname="Roohi" failures="0" tests="2" name="test_ng.DataProvider_onedimention" time="4.612" errors="0" timestamp="2024-06-10T19:12:08 EDT" skipped="0">
  <testcase classname="test_ng.DataProvider_onedimention" name="one_dimentions" time="1.969"/>
  <system-out/>
  <testcase classname="test_ng.DataProvider_onedimention" name="one_dimentions" time="2.643"/>
  <system-out/>
</testsuite> <!-- test_ng.DataProvider_onedimention -->
