<?xml version="1.0" encoding="UTF-8"?>
<!-- Generated by org.testng.reporters.JUnitReportReporter -->
<testsuite hostname="Roohi" failures="0" tests="3" name="test_ng.Groupingoftestcase" time="0.014" errors="0" timestamp="2024-06-13T16:45:27 EDT" skipped="0">
  <testcase classname="test_ng.Groupingoftestcase" name="grouping3" time="0.001"/>
  <system-out/>
  <testcase classname="test_ng.Groupingoftestcase" name="grouping1" time="0.011"/>
  <system-out/>
  <testcase classname="test_ng.Groupingoftestcase" name="grouping4" time="0.002"/>
  <system-out/>
</testsuite> <!-- test_ng.Groupingoftestcase -->
