<?xml version="1.0" encoding="UTF-8"?>
<!-- Generated by org.testng.reporters.JUnitReportReporter -->
<testsuite hostname="Roohi" failures="0" tests="1" name="test_ng.Exam_1_question" time="17.442" errors="0" timestamp="2024-06-12T19:34:13 EDT" skipped="0">
  <testcase classname="test_ng.Exam_1_question" name="search" time="17.442"/>
  <system-out/>
</testsuite> <!-- test_ng.Exam_1_question -->
