<?xml version="1.0" encoding="UTF-8"?>
<!-- Generated by org.testng.reporters.JUnitReportReporter -->
<testsuite hostname="Roohi" failures="0" tests="1" name="Listener_1.Testcase_1" time="2.652" errors="0" timestamp="2024-06-11T13:46:36 EDT" skipped="0">
  <testcase classname="Listener_1.Testcase_1" name="findcoloroflogin" time="2.652"/>
  <system-out/>
</testsuite> <!-- Listener_1.Testcase_1 -->
