<?xml version="1.0" encoding="UTF-8"?>
<!-- Generated by org.testng.reporters.JUnitReportReporter -->
<testsuite hostname="Roohi" failures="0" tests="2" name="test_ng.Crossbrowsertestesting" time="8.175" errors="0" timestamp="2024-05-14T16:36:14 EDT" skipped="0">
  <testcase classname="test_ng.Crossbrowsertestesting" name="crossbrowser" time="3.566"/>
  <system-out/>
  <testcase classname="test_ng.Crossbrowsertestesting" name="crossbrowser" time="4.609"/>
  <system-out/>
</testsuite> <!-- test_ng.Crossbrowsertestesting -->
