<?xml version="1.0" encoding="UTF-8"?>
<!-- Generated by org.testng.reporters.JUnitReportReporter -->
<testsuite hostname="Roohi" failures="0" tests="1" name="test_ng.Narendermodi" time="8.107" errors="0" timestamp="2024-06-11T00:14:58 EDT" skipped="0">
  <testcase classname="test_ng.Narendermodi" name="youtube_narendermodi" time="8.107"/>
  <system-out/>
</testsuite> <!-- test_ng.Narendermodi -->
