<?xml version="1.0" encoding="UTF-8"?>
<!-- Generated by org.testng.reporters.JUnitReportReporter -->
<testsuite hostname="Roohi" failures="0" tests="1" name="test_ng.PriceSlider_amazon" time="9.431" errors="0" timestamp="2024-06-12T01:13:10 EDT" skipped="0">
  <testcase classname="test_ng.PriceSlider_amazon" name="Priceslider" time="9.431"/>
  <system-out/>
</testsuite> <!-- test_ng.PriceSlider_amazon -->
