<?xml version="1.0" encoding="UTF-8"?>
<!-- Generated by org.testng.reporters.JUnitReportReporter -->
<testsuite hostname="Roohi" failures="0" tests="1" name="test_ng.Assignment199" time="0.000" errors="0" timestamp="2024-05-14T12:28:18 EDT" skipped="0">
  <testcase classname="test_ng.Assignment199" name="add5" time="0.000"/>
  <system-out/>
</testsuite> <!-- test_ng.Assignment199 -->
