<?xml version="1.0" encoding="UTF-8"?>
<!-- Generated by org.testng.reporters.JUnitReportReporter -->
<testsuite hostname="Roohi" failures="0" tests="1" name="Test_Cases_POM.Testcase_5" time="12.757" errors="0" timestamp="2024-05-26T23:54:35 EDT" skipped="0">
  <testcase classname="Test_Cases_POM.Testcase_5" name="seach_shoes" time="12.757"/>
</testsuite> <!-- Test_Cases_POM.Testcase_5 -->
