<?xml version="1.0" encoding="UTF-8"?>
<!-- Generated by org.testng.reporters.JUnitReportReporter -->
<testsuite hostname="Roohi" failures="0" tests="1" name="Test_Cases_POM.TestCase_8" time="20.204" errors="0" timestamp="2024-05-27T01:22:40 EDT" skipped="0">
  <testcase classname="Test_Cases_POM.TestCase_8" name="Sorting_product" time="20.204"/>
</testsuite> <!-- Test_Cases_POM.TestCase_8 -->
