<?xml version="1.0" encoding="UTF-8"?>
<!-- Generated by org.testng.reporters.JUnitReportReporter -->
<testsuite hostname="Roohi" failures="0" tests="1" name="Test_Cases_POM.TestCase_9" time="28.072" errors="0" timestamp="2024-05-29T23:14:56 EDT" skipped="0">
  <testcase classname="Test_Cases_POM.TestCase_9" name="Add_product_to_cart" time="28.072"/>
</testsuite> <!-- Test_Cases_POM.TestCase_9 -->
