<?xml version="1.0" encoding="UTF-8"?>
<!-- Generated by org.testng.reporters.JUnitReportReporter -->
<testsuite hostname="Roohi" failures="0" tests="1" name="Test_Cases_POM.Testcase10" time="24.147" errors="0" timestamp="2024-05-30T16:15:00 EDT" skipped="0">
  <testcase classname="Test_Cases_POM.Testcase10" name="delete_items" time="24.147"/>
</testsuite> <!-- Test_Cases_POM.Testcase10 -->
