<?xml version="1.0" encoding="UTF-8"?>
<!-- Generated by org.testng.reporters.JUnitReportReporter -->
<testsuite hostname="Roohi" failures="0" tests="1" name="Test_Cases_POM.TestCase_7" time="22.273" errors="0" timestamp="2024-05-27T01:12:36 EDT" skipped="0">
  <testcase classname="Test_Cases_POM.TestCase_7" name="Display_information" time="22.273"/>
</testsuite> <!-- Test_Cases_POM.TestCase_7 -->
