<?xml version="1.0" encoding="UTF-8"?>
<!-- Generated by org.testng.reporters.JUnitReportReporter -->
<testsuite hostname="Roohi" failures="0" tests="1" name="Test_Cases_POM.TestCase_4" time="20.754" errors="0" timestamp="2024-05-26T23:54:35 EDT" skipped="0">
  <testcase classname="Test_Cases_POM.TestCase_4" name="edit_profile" time="20.754"/>
</testsuite> <!-- Test_Cases_POM.TestCase_4 -->
