<?xml version="1.0" encoding="UTF-8"?>
<!-- Generated by org.testng.reporters.JUnitReportReporter -->
<testsuite hostname="Roohi" failures="0" tests="1" name="Testcases_pom.Testcase_2" time="29.317" errors="0" timestamp="2024-05-19T19:08:44 EDT" skipped="0">
  <testcase classname="Testcases_pom.Testcase_2" name="login_to_logout" time="29.317"/>
  <system-out/>
</testsuite> <!-- Testcases_pom.Testcase_2 -->
