<?xml version="1.0" encoding="UTF-8"?>
<!-- Generated by org.testng.reporters.JUnitReportReporter -->
<testsuite hostname="Roohi" failures="0" tests="1" name="Testcases_pom.Testcase_3" time="33.832" errors="0" timestamp="2024-05-19T19:13:21 EDT" skipped="0">
  <testcase classname="Testcases_pom.Testcase_3" name="Login_to_payment" time="33.832"/>
  <system-out/>
</testsuite> <!-- Testcases_pom.Testcase_3 -->
