<?xml version="1.0" encoding="UTF-8"?>
<!-- Generated by org.testng.reporters.JUnitReportReporter -->
<testsuite hostname="Roohi" failures="0" tests="1" name="Testcases_pom.TestCase_1" time="23.602" errors="0" timestamp="2024-05-19T18:06:41 EDT" skipped="0">
  <testcase classname="Testcases_pom.TestCase_1" name="login_to_cart" time="23.602"/>
  <system-out/>
</testsuite> <!-- Testcases_pom.TestCase_1 -->
