<?xml version="1.0" encoding="UTF-8"?>
<!-- Generated by org.testng.reporters.JUnitReportReporter -->
<testsuite hostname="Roohi" failures="0" tests="1" name="TestCases.TestCase_1" time="28.162" errors="0" timestamp="2024-05-31T16:48:11 EDT" skipped="0">
  <testcase classname="TestCases.TestCase_1" name="Registeration" time="28.162"/>
  <system-out/>
</testsuite> <!-- TestCases.TestCase_1 -->
