<?xml version="1.0" encoding="UTF-8"?>
<!-- Generated by org.testng.reporters.JUnitReportReporter -->
<testsuite hostname="Roohi" failures="0" tests="1" name="TestCases.TestCase_2" time="20.687" errors="0" timestamp="2024-05-31T17:07:54 EDT" skipped="0">
  <testcase classname="TestCases.TestCase_2" name="login" time="20.687"/>
  <system-out/>
</testsuite> <!-- TestCases.TestCase_2 -->
