<?xml version="1.0" encoding="UTF-8"?>
<!-- Generated by org.testng.reporters.JUnitReportReporter -->
<testsuite hostname="Roohi" failures="0" tests="1" name="TestCases.TestCase_4" time="18.078" errors="0" timestamp="2024-05-31T23:42:59 EDT" skipped="0">
  <testcase classname="TestCases.TestCase_4" name="one_way" time="18.078"/>
  <system-out/>
</testsuite> <!-- TestCases.TestCase_4 -->
