<?xml version="1.0" encoding="UTF-8"?>
<!-- Generated by org.testng.reporters.JUnitReportReporter -->
<testsuite hostname="Roohi" failures="0" tests="1" name="TestCases.TestCase_8" time="53.534" errors="0" timestamp="2024-06-01T14:09:39 EDT" skipped="0">
  <testcase classname="TestCases.TestCase_8" name="Additional_options" time="53.534"/>
  <system-out/>
</testsuite> <!-- TestCases.TestCase_8 -->
