<?xml version="1.0" encoding="UTF-8"?>
<!-- Generated by org.testng.reporters.JUnitReportReporter -->
<testsuite hostname="Roohi" failures="0" tests="1" name="TestCases.TestCase_3" time="21.098" errors="0" timestamp="2024-05-31T17:11:56 EDT" skipped="0">
  <testcase classname="TestCases.TestCase_3" name="Login_invalid_Credential" time="21.098"/>
  <system-out/>
</testsuite> <!-- TestCases.TestCase_3 -->
