<?xml version="1.0" encoding="UTF-8"?>
<!-- Generated by org.testng.reporters.JUnitReportReporter -->
<testsuite hostname="Roohi" failures="0" tests="1" name="TestCases.TestCase_5" time="18.413" errors="0" timestamp="2024-06-01T00:11:13 EDT" skipped="0">
  <testcase classname="TestCases.TestCase_5" name="round_trip_flight" time="18.413"/>
  <system-out/>
</testsuite> <!-- TestCases.TestCase_5 -->
